[2020-08-13 15:15:29.471][INFO] [main] cn.xmlly.retuenableoperate.RetuenableoperateApplication [StartupInfoLogger.java:50] Starting RetuenableoperateApplication on 2013-20160301CW with PID 28020 (E:\wechat-new\retuenableoperate\target\classes started by Administrator in E:\wechat-new\retuenableoperate)
[2020-08-13 15:15:29.508][INFO] [main] cn.xmlly.retuenableoperate.RetuenableoperateApplication [SpringApplication.java:662] No active profile set, falling back to default profiles: default
[2020-08-13 15:15:29.776][INFO] [main] o.s.b.w.s.c.AnnotationConfigServletWebServerApplicationContext [AbstractApplicationContext.java:590] Refreshing org.springframework.boot.web.servlet.context.AnnotationConfigServletWebServerApplicationContext@eb909f: startup date [Thu Aug 13 15:15:29 CST 2020]; root of context hierarchy
[2020-08-13 15:15:30.299][WARN] [main] org.mybatis.spring.mapper.ClassPathMapperScanner [ClassPathMapperScanner.java:166] No MyBatis mapper was found in '[cn.xmlly.returnableoperate.*.dao]' package. Please check your configuration.
[2020-08-13 15:15:30.447][WARN] [main] org.mybatis.spring.mapper.ClassPathMapperScanner [ClassPathMapperScanner.java:166] No MyBatis mapper was found in '[cn.xmlly.retuenableoperate]' package. Please check your configuration.
[2020-08-13 15:15:30.542][INFO] [main] o.s.data.repository.config.RepositoryConfigurationDelegate [RepositoryConfigurationDelegate.java:163] Multiple Spring Data modules found, entering strict repository configuration mode!
[2020-08-13 15:15:31.045][INFO] [main] o.s.c.s.PostProcessorRegistrationDelegate$BeanPostProcessorChecker [PostProcessorRegistrationDelegate.java:326] Bean 'org.springframework.amqp.rabbit.annotation.RabbitBootstrapConfiguration' of type [org.springframework.amqp.rabbit.annotation.RabbitBootstrapConfiguration$$EnhancerBySpringCGLIB$$860f3a77] is not eligible for getting processed by all BeanPostProcessors (for example: not eligible for auto-proxying)
[2020-08-13 15:15:31.138][INFO] [main] o.s.c.s.PostProcessorRegistrationDelegate$BeanPostProcessorChecker [PostProcessorRegistrationDelegate.java:326] Bean 'org.springframework.transaction.annotation.ProxyTransactionManagementConfiguration' of type [org.springframework.transaction.annotation.ProxyTransactionManagementConfiguration$$EnhancerBySpringCGLIB$$bfa37c49] is not eligible for getting processed by all BeanPostProcessors (for example: not eligible for auto-proxying)
[2020-08-13 15:15:31.779][INFO] [main] org.springframework.boot.web.embedded.tomcat.TomcatWebServer [TomcatWebServer.java:91] Tomcat initialized with port(s): 8888 (http)
[2020-08-13 15:15:31.814][INFO] [main] org.apache.catalina.core.StandardService [DirectJDKLog.java:180] Starting service [Tomcat]
[2020-08-13 15:15:31.814][INFO] [main] org.apache.catalina.core.StandardEngine [DirectJDKLog.java:180] Starting Servlet Engine: Apache Tomcat/8.5.32
[2020-08-13 15:15:31.825][INFO] [localhost-startStop-1] org.apache.catalina.core.AprLifecycleListener [DirectJDKLog.java:180] The APR based Apache Tomcat Native library which allows optimal performance in production environments was not found on the java.library.path: [D:\Java\jdk1.8.0_172\bin;C:\Windows\Sun\Java\bin;C:\Windows\system32;C:\Windows;C:\Program Files (x86)\Common Files\NetSarang;C:\Program Files\Java\jdk1.8.0_131\bin;C:\Program Files\Java\jdk1.8.0_131\jre\bin;C:\Program Files (x86)\NetSarang\Xftp 6\;C:\ProgramData\Oracle\Java\javapath;C:\Windows\system32;C:\Windows;C:\Windows\System32\Wbem;C:\Windows\System32\WindowsPowerShell\v1.0\;D:\软件下载\apache-maven-3.5.4-bin\apache-maven-3.5.4\bin;D:\软件下载\protoc-3.1.0-win32\bin;C:\wamp64\bin\php\php5.6.38;C:\ProgramData\ComposerSetup\bin;D:\software-download\spring-boot-cli-1.4.3.RELEASE-bin\spring-1.4.3.RELEASE\bin;D:\software-download\nexus-3.14.0-04-win64\nexus-3.14.0-04\bin;C:\Program Files\Git\cmd;D:\tor_git\bin;E:\apache-jmeter-5.2.1;D:\PyCharm 2018.3.5;D:\PyCharm 2018.3.5\bin;D:\PyCharm 2018.3.5/Scripts;F:\Python38\Scripts;F:\Python38;C:\Program Files (x86)\SSH Communications Security\SSH Secure Shell;C:\Users\Administrator\AppData\Roaming\Composer\vendor\bin;D:\netcat-win32-1.12;.]
[2020-08-13 15:15:31.979][INFO] [localhost-startStop-1] o.a.catalina.core.ContainerBase.[Tomcat].[localhost].[/] [DirectJDKLog.java:180] Initializing Spring embedded WebApplicationContext
[2020-08-13 15:15:31.979][INFO] [localhost-startStop-1] org.springframework.web.context.ContextLoader [ServletWebServerApplicationContext.java:285] Root WebApplicationContext: initialization completed in 2203 ms
[2020-08-13 15:15:32.295][INFO] [localhost-startStop-1] org.springframework.boot.web.servlet.FilterRegistrationBean [AbstractFilterRegistrationBean.java:245] Mapping filter: 'characterEncodingFilter' to: [/*]
[2020-08-13 15:15:32.296][INFO] [localhost-startStop-1] org.springframework.boot.web.servlet.FilterRegistrationBean [AbstractFilterRegistrationBean.java:245] Mapping filter: 'sessionRepositoryFilter' to: [/*]
[2020-08-13 15:15:32.296][INFO] [localhost-startStop-1] org.springframework.boot.web.servlet.FilterRegistrationBean [AbstractFilterRegistrationBean.java:245] Mapping filter: 'hiddenHttpMethodFilter' to: [/*]
[2020-08-13 15:15:32.296][INFO] [localhost-startStop-1] org.springframework.boot.web.servlet.FilterRegistrationBean [AbstractFilterRegistrationBean.java:245] Mapping filter: 'httpPutFormContentFilter' to: [/*]
[2020-08-13 15:15:32.296][INFO] [localhost-startStop-1] org.springframework.boot.web.servlet.FilterRegistrationBean [AbstractFilterRegistrationBean.java:245] Mapping filter: 'requestContextFilter' to: [/*]
[2020-08-13 15:15:32.297][INFO] [localhost-startStop-1] org.springframework.boot.web.servlet.FilterRegistrationBean [AbstractFilterRegistrationBean.java:258] Mapping filter: 'webStatFilter' to urls: [/*]
[2020-08-13 15:15:32.297][INFO] [localhost-startStop-1] org.springframework.boot.web.servlet.ServletRegistrationBean [ServletRegistrationBean.java:187] Servlet dispatcherServlet mapped to [/]
[2020-08-13 15:15:32.298][INFO] [localhost-startStop-1] org.springframework.boot.web.servlet.ServletRegistrationBean [ServletRegistrationBean.java:187] Servlet statViewServlet mapped to [/druid/*]
[2020-08-13 15:15:32.451][INFO] [main] cn.xmlly.common.config.threadPool.ThreadPoolConfig [ThreadPoolConfig.java:48] 【线程池创建成功corePoolSize=10，maxPoolSize=20，keepAliveSeconds=600，queueCapacity=25】
[2020-08-13 15:15:32.452][INFO] [main] o.s.scheduling.concurrent.ThreadPoolTaskExecutor [ExecutorConfigurationSupport.java:171] Initializing ExecutorService 
[2020-08-13 15:15:32.461][INFO] [main] o.s.scheduling.concurrent.ThreadPoolTaskExecutor [ExecutorConfigurationSupport.java:171] Initializing ExecutorService  'threadPoolTaskExecutor'
[2020-08-13 15:15:32.585][INFO] [main] cn.xmlly.common.config.redis.RedisPoolConfig [RedisPoolConfig.java:40] 初始化……Redis Client==Host=192.168.8.93,Port=30034,config=JedisPoolConfig [lifo=true, fairness=false, maxWaitMillis=3000, minEvictableIdleTimeMillis=60000, softMinEvictableIdleTimeMillis=-1, numTestsPerEvictionRun=-1, evictionPolicyClassName=org.apache.commons.pool2.impl.DefaultEvictionPolicy, testOnCreate=false, testOnBorrow=false, testOnReturn=false, testWhileIdle=true, timeBetweenEvictionRunsMillis=30000, blockWhenExhausted=true, jmxEnabled=true, jmxNamePrefix=pool, jmxNameBase=null, maxTotal=100, maxIdle=8, minIdle=2]
[2020-08-13 15:15:32.592][INFO] [main] cn.xmlly.common.config.threadPool.ScheduleThreadPoolConfig [ScheduleThreadPoolConfig.java:27] 【定时线程池创建成功，poolSize2】
[2020-08-13 15:15:32.592][INFO] [main] o.s.scheduling.concurrent.ThreadPoolTaskScheduler [ExecutorConfigurationSupport.java:171] Initializing ExecutorService 
[2020-08-13 15:15:32.602][INFO] [main] o.s.scheduling.concurrent.ThreadPoolTaskScheduler [ExecutorConfigurationSupport.java:171] Initializing ExecutorService  'threadPoolTaskScheduler'
[2020-08-13 15:15:32.738][INFO] [main] o.s.web.servlet.handler.SimpleUrlHandlerMapping [AbstractUrlHandlerMapping.java:373] Mapped URL path [/**/favicon.ico] onto handler of type [class org.springframework.web.servlet.resource.ResourceHttpRequestHandler]
[2020-08-13 15:15:33.516][INFO] [main] o.s.w.s.mvc.method.annotation.RequestMappingHandlerAdapter [RequestMappingHandlerAdapter.java:574] Looking for @ControllerAdvice: org.springframework.boot.web.servlet.context.AnnotationConfigServletWebServerApplicationContext@eb909f: startup date [Thu Aug 13 15:15:29 CST 2020]; root of context hierarchy
[2020-08-13 15:15:33.619][INFO] [main] o.s.w.s.mvc.method.annotation.RequestMappingHandlerMapping [AbstractHandlerMethodMapping.java:547] Mapped "{[/error]}" onto public org.springframework.http.ResponseEntity<java.util.Map<java.lang.String, java.lang.Object>> org.springframework.boot.autoconfigure.web.servlet.error.BasicErrorController.error(javax.servlet.http.HttpServletRequest)
[2020-08-13 15:15:33.621][INFO] [main] o.s.w.s.mvc.method.annotation.RequestMappingHandlerMapping [AbstractHandlerMethodMapping.java:547] Mapped "{[/error],produces=[text/html]}" onto public org.springframework.web.servlet.ModelAndView org.springframework.boot.autoconfigure.web.servlet.error.BasicErrorController.errorHtml(javax.servlet.http.HttpServletRequest,javax.servlet.http.HttpServletResponse)
[2020-08-13 15:15:33.659][INFO] [main] o.s.web.servlet.handler.SimpleUrlHandlerMapping [AbstractUrlHandlerMapping.java:373] Mapped URL path [/webjars/**] onto handler of type [class org.springframework.web.servlet.resource.ResourceHttpRequestHandler]
[2020-08-13 15:15:33.659][INFO] [main] o.s.web.servlet.handler.SimpleUrlHandlerMapping [AbstractUrlHandlerMapping.java:373] Mapped URL path [/**] onto handler of type [class org.springframework.web.servlet.resource.ResourceHttpRequestHandler]
[2020-08-13 15:15:33.677][INFO] [main] o.s.w.s.m.m.annotation.ExceptionHandlerExceptionResolver [ExceptionHandlerExceptionResolver.java:288] Detected @ExceptionHandler methods in globalExceptionHandler
[2020-08-13 15:15:33.856][INFO] [main] c.a.d.spring.boot.autoconfigure.DruidDataSourceAutoConfigure [DruidDataSourceAutoConfigure.java:56] Init DruidDataSource
[2020-08-13 15:15:41.469][INFO] [main] com.alibaba.druid.pool.DruidDataSource [DruidDataSource.java:930] {dataSource-1} inited
[2020-08-13 15:15:42.859][INFO] [main] o.s.jmx.export.annotation.AnnotationMBeanExporter [MBeanExporter.java:433] Registering beans for JMX exposure on startup
[2020-08-13 15:15:42.861][INFO] [main] o.s.jmx.export.annotation.AnnotationMBeanExporter [MBeanExporter.java:895] Bean with name 'statFilter' has been autodetected for JMX exposure
[2020-08-13 15:15:42.861][INFO] [main] o.s.jmx.export.annotation.AnnotationMBeanExporter [MBeanExporter.java:895] Bean with name 'dataSource' has been autodetected for JMX exposure
[2020-08-13 15:15:42.869][INFO] [main] o.s.jmx.export.annotation.AnnotationMBeanExporter [MBeanExporter.java:895] Bean with name 'rabbitConnectionFactory' has been autodetected for JMX exposure
[2020-08-13 15:15:42.874][INFO] [main] o.s.jmx.export.annotation.AnnotationMBeanExporter [MBeanExporter.java:668] Located MBean 'dataSource': registering with JMX server as MBean [com.alibaba.druid.spring.boot.autoconfigure:name=dataSource,type=DruidDataSourceWrapper]
[2020-08-13 15:15:42.875][INFO] [main] o.s.jmx.export.annotation.AnnotationMBeanExporter [MBeanExporter.java:675] Located managed bean 'rabbitConnectionFactory': registering with JMX server as MBean [org.springframework.amqp.rabbit.connection:name=rabbitConnectionFactory,type=CachingConnectionFactory]
[2020-08-13 15:15:42.891][INFO] [main] o.s.jmx.export.annotation.AnnotationMBeanExporter [MBeanExporter.java:668] Located MBean 'statFilter': registering with JMX server as MBean [com.alibaba.druid.filter.stat:name=statFilter,type=StatFilter]
[2020-08-13 15:15:42.898][INFO] [main] o.springframework.context.support.DefaultLifecycleProcessor [DefaultLifecycleProcessor.java:351] Starting beans in phase 2147483647
[2020-08-13 15:15:42.949][INFO] [main] org.springframework.boot.web.embedded.tomcat.TomcatWebServer [TomcatWebServer.java:206] Tomcat started on port(s): 8888 (http) with context path ''
[2020-08-13 15:15:42.953][INFO] [main] cn.xmlly.retuenableoperate.RetuenableoperateApplication [StartupInfoLogger.java:59] Started RetuenableoperateApplication in 14.006 seconds (JVM running for 14.568)
[2020-08-13 15:16:41.528][INFO] [Thread-3] o.s.b.w.s.c.AnnotationConfigServletWebServerApplicationContext [AbstractApplicationContext.java:993] Closing org.springframework.boot.web.servlet.context.AnnotationConfigServletWebServerApplicationContext@eb909f: startup date [Thu Aug 13 15:15:29 CST 2020]; root of context hierarchy
[2020-08-13 15:16:41.531][INFO] [Thread-3] o.springframework.context.support.DefaultLifecycleProcessor [DefaultLifecycleProcessor.java:366] Stopping beans in phase 2147483647
[2020-08-13 15:16:41.546][INFO] [Thread-3] o.springframework.context.support.DefaultLifecycleProcessor [DefaultLifecycleProcessor.java:366] Stopping beans in phase 0
[2020-08-13 15:16:41.555][INFO] [Thread-3] o.s.jmx.export.annotation.AnnotationMBeanExporter [MBeanExporter.java:451] Unregistering JMX-exposed beans on shutdown
[2020-08-13 15:16:41.556][INFO] [Thread-3] o.s.jmx.export.annotation.AnnotationMBeanExporter [MBeanRegistrationSupport.java:185] Unregistering JMX-exposed beans
[2020-08-13 15:16:41.560][INFO] [Thread-3] com.alibaba.druid.pool.DruidDataSource [DruidDataSource.java:1825] {dataSource-1} closed
[2020-08-13 15:16:41.561][INFO] [Thread-3] o.s.scheduling.concurrent.ThreadPoolTaskScheduler [ExecutorConfigurationSupport.java:208] Shutting down ExecutorService 'threadPoolTaskScheduler'
[2020-08-13 15:16:41.570][INFO] [Thread-3] o.s.scheduling.concurrent.ThreadPoolTaskExecutor [ExecutorConfigurationSupport.java:208] Shutting down ExecutorService 'threadPoolTaskExecutor'
